  autofit.c
  bdf.c
  cff.c
  ftbase.c
  ftbitmap.c
  ftcache.c
  ftfstype.c
  ftgasp.c
  ftglyph.c
  ftgzip.c
  ftinit.c
c:\users\bruno\source\repos\pixeleffect\dependencies\freetype\src\cff\cffload.c(1371): warning C4244: '=': conversion from 'FT_UInt32' to 'FT_Byte', possible loss of data (compiling source file ..\..\..\src\cff\cff.c)
  ftlzw.c
  ftstroke.c
  ftsystem.c
  smooth.c
  ftbbox.c
c:\users\bruno\source\repos\pixeleffect\dependencies\freetype\src\base\ftobjs.c(4999): warning C4702: unreachable code
c:\users\bruno\source\repos\pixeleffect\dependencies\freetype\src\base\ftobjs.c(5000): warning C4702: unreachable code
  ftfntfmt.c
  ftmm.c
  ftpfr.c
  ftsynth.c
  fttype1.c
  ftwinfnt.c
  ftlcdfil.c
  ftgxval.c
  ftotval.c
  ftpatent.c
  pcf.c
  pfr.c
  psaux.c
  pshinter.c
  psmodule.c
  raster.c
  sfnt.c
  truetype.c
  type1.c
  type1cid.c
  type42.c
  winfnt.c
  ftdebug.c
  freetype.vcxproj -> C:\Users\Bruno\source\repos\PixelEffect\dependencies\freetype\builds\windows\vc2017\.\..\..\..\objs\vc2010\Win32\freetype281d.lib
