c:\users\bruno\source\repos\pixeleffect\dependencies\freetype\objs\vc2010\win32\release\autofit.obj
c:\users\bruno\source\repos\pixeleffect\dependencies\freetype\objs\vc2010\win32\release\ftgasp.obj
c:\users\bruno\source\repos\pixeleffect\dependencies\freetype\objs\vc2010\win32\release\fttype1.obj
c:\users\bruno\source\repos\pixeleffect\dependencies\freetype\objs\vc2010\win32\release\ftpfr.obj
c:\users\bruno\source\repos\pixeleffect\dependencies\freetype\objs\vc2010\win32\release\ftlcdfil.obj
c:\users\bruno\source\repos\pixeleffect\dependencies\freetype\objs\vc2010\win32\release\ftfntfmt.obj
c:\users\bruno\source\repos\pixeleffect\dependencies\freetype\objs\vc2010\win32\release\ftgxval.obj
c:\users\bruno\source\repos\pixeleffect\dependencies\freetype\objs\vc2010\win32\release\ftstroke.obj
c:\users\bruno\source\repos\pixeleffect\dependencies\freetype\objs\vc2010\win32\release\ftfstype.obj
c:\users\bruno\source\repos\pixeleffect\dependencies\freetype\objs\vc2010\win32\release\ftsynth.obj
c:\users\bruno\source\repos\pixeleffect\dependencies\freetype\objs\vc2010\win32\release\ftbitmap.obj
c:\users\bruno\source\repos\pixeleffect\dependencies\freetype\objs\vc2010\win32\release\ftotval.obj
c:\users\bruno\source\repos\pixeleffect\dependencies\freetype\objs\vc2010\win32\release\ftbbox.obj
c:\users\bruno\source\repos\pixeleffect\dependencies\freetype\objs\vc2010\win32\release\ftwinfnt.obj
c:\users\bruno\source\repos\pixeleffect\dependencies\freetype\objs\vc2010\win32\release\ftpatent.obj
c:\users\bruno\source\repos\pixeleffect\dependencies\freetype\objs\vc2010\win32\release\ftcache.obj
c:\users\bruno\source\repos\pixeleffect\dependencies\freetype\objs\vc2010\win32\release\pcf.obj
c:\users\bruno\source\repos\pixeleffect\dependencies\freetype\objs\vc2010\win32\release\sfnt.obj
c:\users\bruno\source\repos\pixeleffect\dependencies\freetype\objs\vc2010\win32\release\ftinit.obj
c:\users\bruno\source\repos\pixeleffect\dependencies\freetype\objs\vc2010\win32\release\ftsystem.obj
c:\users\bruno\source\repos\pixeleffect\dependencies\freetype\objs\vc2010\win32\release\raster.obj
c:\users\bruno\source\repos\pixeleffect\dependencies\freetype\objs\vc2010\win32\release\type42.obj
c:\users\bruno\source\repos\pixeleffect\dependencies\freetype\objs\vc2010\win32\release\ftlzw.obj
c:\users\bruno\source\repos\pixeleffect\dependencies\freetype\objs\vc2010\win32\release\smooth.obj
c:\users\bruno\source\repos\pixeleffect\dependencies\freetype\objs\vc2010\win32\release\psmodule.obj
c:\users\bruno\source\repos\pixeleffect\dependencies\freetype\objs\vc2010\win32\release\cff.obj
c:\users\bruno\source\repos\pixeleffect\dependencies\freetype\objs\vc2010\win32\release\type1cid.obj
c:\users\bruno\source\repos\pixeleffect\dependencies\freetype\objs\vc2010\win32\release\ftbase.obj
c:\users\bruno\source\repos\pixeleffect\dependencies\freetype\objs\vc2010\win32\release\pshinter.obj
c:\users\bruno\source\repos\pixeleffect\dependencies\freetype\objs\vc2010\win32\release\winfnt.obj
c:\users\bruno\source\repos\pixeleffect\dependencies\freetype\objs\vc2010\win32\release\ftglyph.obj
c:\users\bruno\source\repos\pixeleffect\dependencies\freetype\objs\vc2010\win32\release\ftmm.obj
c:\users\bruno\source\repos\pixeleffect\dependencies\freetype\objs\vc2010\win32\release\psaux.obj
c:\users\bruno\source\repos\pixeleffect\dependencies\freetype\objs\vc2010\win32\release\ftgzip.obj
c:\users\bruno\source\repos\pixeleffect\dependencies\freetype\objs\vc2010\win32\release\truetype.obj
c:\users\bruno\source\repos\pixeleffect\dependencies\freetype\objs\vc2010\win32\release\bdf.obj
c:\users\bruno\source\repos\pixeleffect\dependencies\freetype\objs\vc2010\win32\release\pfr.obj
c:\users\bruno\source\repos\pixeleffect\dependencies\freetype\objs\vc2010\win32\release\type1.obj
c:\users\bruno\source\repos\pixeleffect\dependencies\freetype\objs\vc2010\win32\release\ftdebug.obj
c:\users\bruno\source\repos\pixeleffect\dependencies\freetype\objs\vc2010\win32\freetype.ilk
c:\users\bruno\source\repos\pixeleffect\dependencies\freetype\objs\vc2010\win32\freetype.dll
c:\users\bruno\source\repos\pixeleffect\dependencies\freetype\objs\vc2010\win32\freetype.pdb
c:\users\bruno\source\repos\pixeleffect\dependencies\freetype\builds\windows\vc2017\.\..\..\..\objs\vc2010\win32\freetype.dll
c:\users\bruno\source\repos\pixeleffect\dependencies\freetype\objs\vc2010\win32\release\freetype.tlog\cl.command.1.tlog
c:\users\bruno\source\repos\pixeleffect\dependencies\freetype\objs\vc2010\win32\release\freetype.tlog\cl.read.1.tlog
c:\users\bruno\source\repos\pixeleffect\dependencies\freetype\objs\vc2010\win32\release\freetype.tlog\cl.write.1.tlog
c:\users\bruno\source\repos\pixeleffect\dependencies\freetype\objs\vc2010\win32\release\freetype.tlog\link.command.1.tlog
c:\users\bruno\source\repos\pixeleffect\dependencies\freetype\objs\vc2010\win32\release\freetype.tlog\link.read.1.tlog
c:\users\bruno\source\repos\pixeleffect\dependencies\freetype\objs\vc2010\win32\release\freetype.tlog\link.write.1.tlog
