  autofit.c
  ftbitmap.c
  ftfstype.c
  ftgasp.c
  ftstroke.c
  ftbbox.c
  ftfntfmt.c
  ftpfr.c
  ftsynth.c
  fttype1.c
  ftwinfnt.c
  ftlcdfil.c
  ftgxval.c
  ftotval.c
  ftpatent.c
  bdf.c
  cff.c
  ftbase.c
  ftcache.c
  ftglyph.c
  ftgzip.c
  ftinit.c
  ftlzw.c
c:\users\bruno\source\repos\pixeleffect\dependencies\freetype\src\cff\cffload.c(1371): warning C4244: '=': conversion from 'FT_UInt32' to 'FT_Byte', possible loss of data (compiling source file ..\..\..\src\cff\cff.c)
  ftsystem.c
  smooth.c
  ftmm.c
  pcf.c
  pfr.c
  psaux.c
  pshinter.c
  psmodule.c
c:\users\bruno\source\repos\pixeleffect\dependencies\freetype\src\base\ftobjs.c(4999): warning C4702: unreachable code
c:\users\bruno\source\repos\pixeleffect\dependencies\freetype\src\base\ftobjs.c(5000): warning C4702: unreachable code
  raster.c
  sfnt.c
  truetype.c
  type1.c
  type1cid.c
  type42.c
  winfnt.c
  ftdebug.c
  freetype.vcxproj -> C:\Users\Bruno\source\repos\PixelEffect\dependencies\freetype\builds\windows\vc2017\.\..\..\..\objs\vc2010\Win32\freetype.dll
  .\..\..\..\objs\vc2010\Win32\freetype.dll
  1 File(s) copied
  C:\Users\Bruno\source\repos\PixelEffect\dependencies\freetype\builds\windows\vc2017\..\..\..\include\freetype\freetype.h
  C:\Users\Bruno\source\repos\PixelEffect\dependencies\freetype\builds\windows\vc2017\..\..\..\include\freetype\ftadvanc.h
  C:\Users\Bruno\source\repos\PixelEffect\dependencies\freetype\builds\windows\vc2017\..\..\..\include\freetype\ftautoh.h
  C:\Users\Bruno\source\repos\PixelEffect\dependencies\freetype\builds\windows\vc2017\..\..\..\include\freetype\ftbbox.h
  C:\Users\Bruno\source\repos\PixelEffect\dependencies\freetype\builds\windows\vc2017\..\..\..\include\freetype\ftbdf.h
  C:\Users\Bruno\source\repos\PixelEffect\dependencies\freetype\builds\windows\vc2017\..\..\..\include\freetype\ftbitmap.h
  C:\Users\Bruno\source\repos\PixelEffect\dependencies\freetype\builds\windows\vc2017\..\..\..\include\freetype\ftbzip2.h
  C:\Users\Bruno\source\repos\PixelEffect\dependencies\freetype\builds\windows\vc2017\..\..\..\include\freetype\ftcache.h
  C:\Users\Bruno\source\repos\PixelEffect\dependencies\freetype\builds\windows\vc2017\..\..\..\include\freetype\ftcffdrv.h
  C:\Users\Bruno\source\repos\PixelEffect\dependencies\freetype\builds\windows\vc2017\..\..\..\include\freetype\ftchapters.h
  C:\Users\Bruno\source\repos\PixelEffect\dependencies\freetype\builds\windows\vc2017\..\..\..\include\freetype\ftcid.h
  C:\Users\Bruno\source\repos\PixelEffect\dependencies\freetype\builds\windows\vc2017\..\..\..\include\freetype\fterrdef.h
  C:\Users\Bruno\source\repos\PixelEffect\dependencies\freetype\builds\windows\vc2017\..\..\..\include\freetype\fterrors.h
  C:\Users\Bruno\source\repos\PixelEffect\dependencies\freetype\builds\windows\vc2017\..\..\..\include\freetype\ftfntfmt.h
  C:\Users\Bruno\source\repos\PixelEffect\dependencies\freetype\builds\windows\vc2017\..\..\..\include\freetype\ftgasp.h
  C:\Users\Bruno\source\repos\PixelEffect\dependencies\freetype\builds\windows\vc2017\..\..\..\include\freetype\ftglyph.h
  C:\Users\Bruno\source\repos\PixelEffect\dependencies\freetype\builds\windows\vc2017\..\..\..\include\freetype\ftgxval.h
  C:\Users\Bruno\source\repos\PixelEffect\dependencies\freetype\builds\windows\vc2017\..\..\..\include\freetype\ftgzip.h
  C:\Users\Bruno\source\repos\PixelEffect\dependencies\freetype\builds\windows\vc2017\..\..\..\include\freetype\ftimage.h
  C:\Users\Bruno\source\repos\PixelEffect\dependencies\freetype\builds\windows\vc2017\..\..\..\include\freetype\ftincrem.h
  C:\Users\Bruno\source\repos\PixelEffect\dependencies\freetype\builds\windows\vc2017\..\..\..\include\freetype\ftlcdfil.h
  C:\Users\Bruno\source\repos\PixelEffect\dependencies\freetype\builds\windows\vc2017\..\..\..\include\freetype\ftlist.h
  C:\Users\Bruno\source\repos\PixelEffect\dependencies\freetype\builds\windows\vc2017\..\..\..\include\freetype\ftlzw.h
  C:\Users\Bruno\source\repos\PixelEffect\dependencies\freetype\builds\windows\vc2017\..\..\..\include\freetype\ftmac.h
  C:\Users\Bruno\source\repos\PixelEffect\dependencies\freetype\builds\windows\vc2017\..\..\..\include\freetype\ftmm.h
  C:\Users\Bruno\source\repos\PixelEffect\dependencies\freetype\builds\windows\vc2017\..\..\..\include\freetype\ftmodapi.h
  C:\Users\Bruno\source\repos\PixelEffect\dependencies\freetype\builds\windows\vc2017\..\..\..\include\freetype\ftmoderr.h
  C:\Users\Bruno\source\repos\PixelEffect\dependencies\freetype\builds\windows\vc2017\..\..\..\include\freetype\ftotval.h
  C:\Users\Bruno\source\repos\PixelEffect\dependencies\freetype\builds\windows\vc2017\..\..\..\include\freetype\ftoutln.h
  C:\Users\Bruno\source\repos\PixelEffect\dependencies\freetype\builds\windows\vc2017\..\..\..\include\freetype\ftpcfdrv.h
  C:\Users\Bruno\source\repos\PixelEffect\dependencies\freetype\builds\windows\vc2017\..\..\..\include\freetype\ftpfr.h
  C:\Users\Bruno\source\repos\PixelEffect\dependencies\freetype\builds\windows\vc2017\..\..\..\include\freetype\ftrender.h
  C:\Users\Bruno\source\repos\PixelEffect\dependencies\freetype\builds\windows\vc2017\..\..\..\include\freetype\ftsizes.h
  C:\Users\Bruno\source\repos\PixelEffect\dependencies\freetype\builds\windows\vc2017\..\..\..\include\freetype\ftsnames.h
  C:\Users\Bruno\source\repos\PixelEffect\dependencies\freetype\builds\windows\vc2017\..\..\..\include\freetype\ftstroke.h
  C:\Users\Bruno\source\repos\PixelEffect\dependencies\freetype\builds\windows\vc2017\..\..\..\include\freetype\ftsynth.h
  C:\Users\Bruno\source\repos\PixelEffect\dependencies\freetype\builds\windows\vc2017\..\..\..\include\freetype\ftsystem.h
  C:\Users\Bruno\source\repos\PixelEffect\dependencies\freetype\builds\windows\vc2017\..\..\..\include\freetype\fttrigon.h
  C:\Users\Bruno\source\repos\PixelEffect\dependencies\freetype\builds\windows\vc2017\..\..\..\include\freetype\ftttdrv.h
  C:\Users\Bruno\source\repos\PixelEffect\dependencies\freetype\builds\windows\vc2017\..\..\..\include\freetype\fttypes.h
  C:\Users\Bruno\source\repos\PixelEffect\dependencies\freetype\builds\windows\vc2017\..\..\..\include\freetype\ftwinfnt.h
  C:\Users\Bruno\source\repos\PixelEffect\dependencies\freetype\builds\windows\vc2017\..\..\..\include\freetype\t1tables.h
  C:\Users\Bruno\source\repos\PixelEffect\dependencies\freetype\builds\windows\vc2017\..\..\..\include\freetype\ttnameid.h
  C:\Users\Bruno\source\repos\PixelEffect\dependencies\freetype\builds\windows\vc2017\..\..\..\include\freetype\tttables.h
  C:\Users\Bruno\source\repos\PixelEffect\dependencies\freetype\builds\windows\vc2017\..\..\..\include\freetype\tttags.h
  C:\Users\Bruno\source\repos\PixelEffect\dependencies\freetype\builds\windows\vc2017\..\..\..\include\freetype\ttunpat.h
  C:\Users\Bruno\source\repos\PixelEffect\dependencies\freetype\builds\windows\vc2017\..\..\..\include\freetype\config\ftconfig.h
  C:\Users\Bruno\source\repos\PixelEffect\dependencies\freetype\builds\windows\vc2017\..\..\..\include\freetype\config\ftheader.h
  C:\Users\Bruno\source\repos\PixelEffect\dependencies\freetype\builds\windows\vc2017\..\..\..\include\freetype\config\ftmodule.h
  C:\Users\Bruno\source\repos\PixelEffect\dependencies\freetype\builds\windows\vc2017\..\..\..\include\freetype\config\ftoption.h
  C:\Users\Bruno\source\repos\PixelEffect\dependencies\freetype\builds\windows\vc2017\..\..\..\include\freetype\config\ftstdlib.h
  C:\Users\Bruno\source\repos\PixelEffect\dependencies\freetype\builds\windows\vc2017\..\..\..\include\freetype\internal\autohint.h
  C:\Users\Bruno\source\repos\PixelEffect\dependencies\freetype\builds\windows\vc2017\..\..\..\include\freetype\internal\ftcalc.h
  C:\Users\Bruno\source\repos\PixelEffect\dependencies\freetype\builds\windows\vc2017\..\..\..\include\freetype\internal\ftdebug.h
  C:\Users\Bruno\source\repos\PixelEffect\dependencies\freetype\builds\windows\vc2017\..\..\..\include\freetype\internal\ftdriver.h
  C:\Users\Bruno\source\repos\PixelEffect\dependencies\freetype\builds\windows\vc2017\..\..\..\include\freetype\internal\ftgloadr.h
  C:\Users\Bruno\source\repos\PixelEffect\dependencies\freetype\builds\windows\vc2017\..\..\..\include\freetype\internal\fthash.h
  C:\Users\Bruno\source\repos\PixelEffect\dependencies\freetype\builds\windows\vc2017\..\..\..\include\freetype\internal\ftmemory.h
  C:\Users\Bruno\source\repos\PixelEffect\dependencies\freetype\builds\windows\vc2017\..\..\..\include\freetype\internal\ftobjs.h
  C:\Users\Bruno\source\repos\PixelEffect\dependencies\freetype\builds\windows\vc2017\..\..\..\include\freetype\internal\ftpic.h
  C:\Users\Bruno\source\repos\PixelEffect\dependencies\freetype\builds\windows\vc2017\..\..\..\include\freetype\internal\ftrfork.h
  C:\Users\Bruno\source\repos\PixelEffect\dependencies\freetype\builds\windows\vc2017\..\..\..\include\freetype\internal\ftserv.h
  C:\Users\Bruno\source\repos\PixelEffect\dependencies\freetype\builds\windows\vc2017\..\..\..\include\freetype\internal\ftstream.h
  C:\Users\Bruno\source\repos\PixelEffect\dependencies\freetype\builds\windows\vc2017\..\..\..\include\freetype\internal\fttrace.h
  C:\Users\Bruno\source\repos\PixelEffect\dependencies\freetype\builds\windows\vc2017\..\..\..\include\freetype\internal\ftvalid.h
  C:\Users\Bruno\source\repos\PixelEffect\dependencies\freetype\builds\windows\vc2017\..\..\..\include\freetype\internal\internal.h
  C:\Users\Bruno\source\repos\PixelEffect\dependencies\freetype\builds\windows\vc2017\..\..\..\include\freetype\internal\psaux.h
  C:\Users\Bruno\source\repos\PixelEffect\dependencies\freetype\builds\windows\vc2017\..\..\..\include\freetype\internal\pshints.h
  C:\Users\Bruno\source\repos\PixelEffect\dependencies\freetype\builds\windows\vc2017\..\..\..\include\freetype\internal\sfnt.h
  C:\Users\Bruno\source\repos\PixelEffect\dependencies\freetype\builds\windows\vc2017\..\..\..\include\freetype\internal\t1types.h
  C:\Users\Bruno\source\repos\PixelEffect\dependencies\freetype\builds\windows\vc2017\..\..\..\include\freetype\internal\tttypes.h
  C:\Users\Bruno\source\repos\PixelEffect\dependencies\freetype\builds\windows\vc2017\..\..\..\include\freetype\internal\services\svbdf.h
  C:\Users\Bruno\source\repos\PixelEffect\dependencies\freetype\builds\windows\vc2017\..\..\..\include\freetype\internal\services\svcid.h
  C:\Users\Bruno\source\repos\PixelEffect\dependencies\freetype\builds\windows\vc2017\..\..\..\include\freetype\internal\services\svfntfmt.h
  C:\Users\Bruno\source\repos\PixelEffect\dependencies\freetype\builds\windows\vc2017\..\..\..\include\freetype\internal\services\svgldict.h
  C:\Users\Bruno\source\repos\PixelEffect\dependencies\freetype\builds\windows\vc2017\..\..\..\include\freetype\internal\services\svgxval.h
  C:\Users\Bruno\source\repos\PixelEffect\dependencies\freetype\builds\windows\vc2017\..\..\..\include\freetype\internal\services\svkern.h
  C:\Users\Bruno\source\repos\PixelEffect\dependencies\freetype\builds\windows\vc2017\..\..\..\include\freetype\internal\services\svmetric.h
  C:\Users\Bruno\source\repos\PixelEffect\dependencies\freetype\builds\windows\vc2017\..\..\..\include\freetype\internal\services\svmm.h
  C:\Users\Bruno\source\repos\PixelEffect\dependencies\freetype\builds\windows\vc2017\..\..\..\include\freetype\internal\services\svotval.h
  C:\Users\Bruno\source\repos\PixelEffect\dependencies\freetype\builds\windows\vc2017\..\..\..\include\freetype\internal\services\svpfr.h
  C:\Users\Bruno\source\repos\PixelEffect\dependencies\freetype\builds\windows\vc2017\..\..\..\include\freetype\internal\services\svpostnm.h
  C:\Users\Bruno\source\repos\PixelEffect\dependencies\freetype\builds\windows\vc2017\..\..\..\include\freetype\internal\services\svprop.h
  C:\Users\Bruno\source\repos\PixelEffect\dependencies\freetype\builds\windows\vc2017\..\..\..\include\freetype\internal\services\svpscmap.h
  C:\Users\Bruno\source\repos\PixelEffect\dependencies\freetype\builds\windows\vc2017\..\..\..\include\freetype\internal\services\svpsinfo.h
  C:\Users\Bruno\source\repos\PixelEffect\dependencies\freetype\builds\windows\vc2017\..\..\..\include\freetype\internal\services\svsfnt.h
  C:\Users\Bruno\source\repos\PixelEffect\dependencies\freetype\builds\windows\vc2017\..\..\..\include\freetype\internal\services\svttcmap.h
  C:\Users\Bruno\source\repos\PixelEffect\dependencies\freetype\builds\windows\vc2017\..\..\..\include\freetype\internal\services\svtteng.h
  C:\Users\Bruno\source\repos\PixelEffect\dependencies\freetype\builds\windows\vc2017\..\..\..\include\freetype\internal\services\svttglyf.h
  C:\Users\Bruno\source\repos\PixelEffect\dependencies\freetype\builds\windows\vc2017\..\..\..\include\freetype\internal\services\svwinfnt.h
  90 File(s) copied
